Qflow DRC logfile created on Wednesday 02 July 2025 09:43:01 AM IST
magic -dnull -noconsole  /home/shreyas/alu/layout/run_drc_alu.tcl

Magic 8.3 revision 50 - Compiled on Friday 27 June 2025 01:13:15 PM IST.
Starting magic under Tcl interpreter
Using the terminal as the console.
Using NULL graphics device.
Processing system .magicrc file
Input style lambda=0.10(p): scaleFactor=10, multiplier=1
Contact size value ignored (using GDS generation rules).
Contact size value ignored (using GDS generation rules).
Contact size value ignored (using GDS generation rules).
Contact size value ignored (using GDS generation rules).
Contact size value ignored (using GDS generation rules).
Contact size value ignored (using GDS generation rules).
Loading "/home/shreyas/alu/layout/run_drc_alu.tcl" from command line.
Reading LEF data from file /usr/local/share/qflow/tech/osu018/osu018_stdcells.lef.
This action cannot be undone.
LEF read, Line 16 (Message): Unknown keyword "OBS" in LEF file; ignoring.
LEF read, Line 17 (Message): Unknown keyword "PIN" in LEF file; ignoring.
LEF read: Processed 2941 lines.
Processing timestamp mismatches: FILL, NAND2X1, INVX2, BUFX2, DFFSR, INVX1, NAND3X1, INVX8, OAI21X1, NOR3X1, AOI21X1, NOR2X1, AOI22X1, OR2X2, OAI22X1, XNOR2X1, INVX4, AND2X2, XOR2X1, MUX2X1, BUFX4.
drc = 0
DRC checking script ended on Wednesday 02 July 2025 09:43:03 AM IST
